[2022-09-25 22:43:31] local.ERROR: SQLSTATE[42S01]: Base table or view already exists: 1050 Table 'users' already exists (SQL: create table `users` (`id` bigint unsigned not null auto_increment primary key, `name` varchar(255) not null, `email` varchar(255) not null, `email_verified_at` timestamp null, `password` varchar(255) not null, `remember_token` varchar(100) null, `created_at` timestamp null, `updated_at` timestamp null) default character set utf8mb4 collate 'utf8mb4_unicode_ci') {"exception":"[object] (Illuminate\\Database\\QueryException(code: 42S01): SQLSTATE[42S01]: Base table or view already exists: 1050 Table 'users' already exists (SQL: create table `users` (`id` bigint unsigned not null auto_increment primary key, `name` varchar(255) not null, `email` varchar(255) not null, `email_verified_at` timestamp null, `password` varchar(255) not null, `remember_token` varchar(100) null, `created_at` timestamp null, `updated_at` timestamp null) default character set utf8mb4 collate 'utf8mb4_unicode_ci') at H:\\xamp\\htdocs\\Entrain\\vendor\\laravel\\framework\\src\\Illuminate\\Database\\Connection.php:759)
[stacktrace]
#0 H:\\xamp\\htdocs\\Entrain\\vendor\\laravel\\framework\\src\\Illuminate\\Database\\Connection.php(719): Illuminate\\Database\\Connection->runQueryCallback('create table `u...', Array, Object(Closure))
#1 H:\\xamp\\htdocs\\Entrain\\vendor\\laravel\\framework\\src\\Illuminate\\Database\\Connection.php(545): Illuminate\\Database\\Connection->run('create table `u...', Array, Object(Closure))
#2 H:\\xamp\\htdocs\\Entrain\\vendor\\laravel\\framework\\src\\Illuminate\\Database\\Schema\\Blueprint.php(109): Illuminate\\Database\\Connection->statement('create table `u...')
#3 H:\\xamp\\htdocs\\Entrain\\vendor\\laravel\\framework\\src\\Illuminate\\Database\\Schema\\Builder.php(394): Illuminate\\Database\\Schema\\Blueprint->build(Object(Illuminate\\Database\\MySqlConnection), Object(Illuminate\\Database\\Schema\\Grammars\\MySqlGrammar))
#4 H:\\xamp\\htdocs\\Entrain\\vendor\\laravel\\framework\\src\\Illuminate\\Database\\Schema\\Builder.php(257): Illuminate\\Database\\Schema\\Builder->build(Object(Illuminate\\Database\\Schema\\Blueprint))
#5 H:\\xamp\\htdocs\\Entrain\\vendor\\laravel\\framework\\src\\Illuminate\\Support\\Facades\\Facade.php(338): Illuminate\\Database\\Schema\\Builder->create('users', Object(Closure))
#6 H:\\xamp\\htdocs\\Entrain\\database\\migrations\\2014_10_12_000000_create_users_table.php(24): Illuminate\\Support\\Facades\\Facade::__callStatic('create', Array)
#7 H:\\xamp\\htdocs\\Entrain\\vendor\\laravel\\framework\\src\\Illuminate\\Database\\Migrations\\Migrator.php(482): Illuminate\\Database\\Migrations\\Migration@anonymous->up()
#8 H:\\xamp\\htdocs\\Entrain\\vendor\\laravel\\framework\\src\\Illuminate\\Database\\Migrations\\Migrator.php(400): Illuminate\\Database\\Migrations\\Migrator->runMethod(Object(Illuminate\\Database\\MySqlConnection), Object(Illuminate\\Database\\Migrations\\Migration@anonymous), 'up')
#9 H:\\xamp\\htdocs\\Entrain\\vendor\\laravel\\framework\\src\\Illuminate\\Database\\Migrations\\Migrator.php(409): Illuminate\\Database\\Migrations\\Migrator->Illuminate\\Database\\Migrations\\{closure}()
#10 H:\\xamp\\htdocs\\Entrain\\vendor\\laravel\\framework\\src\\Illuminate\\Database\\Migrations\\Migrator.php(210): Illuminate\\Database\\Migrations\\Migrator->runMigration(Object(Illuminate\\Database\\Migrations\\Migration@anonymous), 'up')
#11 H:\\xamp\\htdocs\\Entrain\\vendor\\laravel\\framework\\src\\Illuminate\\Console\\View\\Components\\Task.php(36): Illuminate\\Database\\Migrations\\Migrator->Illuminate\\Database\\Migrations\\{closure}()
#12 H:\\xamp\\htdocs\\Entrain\\vendor\\laravel\\framework\\src\\Illuminate\\Database\\Migrations\\Migrator.php(740): Illuminate\\Console\\View\\Components\\Task->render('2014_10_12_0000...', Object(Closure))
#13 H:\\xamp\\htdocs\\Entrain\\vendor\\laravel\\framework\\src\\Illuminate\\Database\\Migrations\\Migrator.php(210): Illuminate\\Database\\Migrations\\Migrator->write('Illuminate\\\\Cons...', '2014_10_12_0000...', Object(Closure))
#14 H:\\xamp\\htdocs\\Entrain\\vendor\\laravel\\framework\\src\\Illuminate\\Database\\Migrations\\Migrator.php(175): Illuminate\\Database\\Migrations\\Migrator->runUp('H:\\\\xamp\\\\htdocs\\\\...', 1, false)
#15 H:\\xamp\\htdocs\\Entrain\\vendor\\laravel\\framework\\src\\Illuminate\\Database\\Migrations\\Migrator.php(118): Illuminate\\Database\\Migrations\\Migrator->runPending(Array, Array)
#16 H:\\xamp\\htdocs\\Entrain\\vendor\\laravel\\framework\\src\\Illuminate\\Database\\Console\\Migrations\\MigrateCommand.php(90): Illuminate\\Database\\Migrations\\Migrator->run(Array, Array)
#17 H:\\xamp\\htdocs\\Entrain\\vendor\\laravel\\framework\\src\\Illuminate\\Database\\Migrations\\Migrator.php(616): Illuminate\\Database\\Console\\Migrations\\MigrateCommand->Illuminate\\Database\\Console\\Migrations\\{closure}()
#18 H:\\xamp\\htdocs\\Entrain\\vendor\\laravel\\framework\\src\\Illuminate\\Database\\Console\\Migrations\\MigrateCommand.php(102): Illuminate\\Database\\Migrations\\Migrator->usingConnection(NULL, Object(Closure))
#19 H:\\xamp\\htdocs\\Entrain\\vendor\\laravel\\framework\\src\\Illuminate\\Container\\BoundMethod.php(36): Illuminate\\Database\\Console\\Migrations\\MigrateCommand->handle()
#20 H:\\xamp\\htdocs\\Entrain\\vendor\\laravel\\framework\\src\\Illuminate\\Container\\Util.php(41): Illuminate\\Container\\BoundMethod::Illuminate\\Container\\{closure}()
#21 H:\\xamp\\htdocs\\Entrain\\vendor\\laravel\\framework\\src\\Illuminate\\Container\\BoundMethod.php(93): Illuminate\\Container\\Util::unwrapIfClosure(Object(Closure))
#22 H:\\xamp\\htdocs\\Entrain\\vendor\\laravel\\framework\\src\\Illuminate\\Container\\BoundMethod.php(37): Illuminate\\Container\\BoundMethod::callBoundMethod(Object(Illuminate\\Foundation\\Application), Array, Object(Closure))
#23 H:\\xamp\\htdocs\\Entrain\\vendor\\laravel\\framework\\src\\Illuminate\\Container\\Container.php(651): Illuminate\\Container\\BoundMethod::call(Object(Illuminate\\Foundation\\Application), Array, Array, NULL)
#24 H:\\xamp\\htdocs\\Entrain\\vendor\\laravel\\framework\\src\\Illuminate\\Console\\Command.php(144): Illuminate\\Container\\Container->call(Array)
#25 H:\\xamp\\htdocs\\Entrain\\vendor\\symfony\\console\\Command\\Command.php(308): Illuminate\\Console\\Command->execute(Object(Symfony\\Component\\Console\\Input\\ArgvInput), Object(Illuminate\\Console\\OutputStyle))
#26 H:\\xamp\\htdocs\\Entrain\\vendor\\laravel\\framework\\src\\Illuminate\\Console\\Command.php(126): Symfony\\Component\\Console\\Command\\Command->run(Object(Symfony\\Component\\Console\\Input\\ArgvInput), Object(Illuminate\\Console\\OutputStyle))
#27 H:\\xamp\\htdocs\\Entrain\\vendor\\symfony\\console\\Application.php(1002): Illuminate\\Console\\Command->run(Object(Symfony\\Component\\Console\\Input\\ArgvInput), Object(Symfony\\Component\\Console\\Output\\ConsoleOutput))
#28 H:\\xamp\\htdocs\\Entrain\\vendor\\symfony\\console\\Application.php(299): Symfony\\Component\\Console\\Application->doRunCommand(Object(Illuminate\\Database\\Console\\Migrations\\MigrateCommand), Object(Symfony\\Component\\Console\\Input\\ArgvInput), Object(Symfony\\Component\\Console\\Output\\ConsoleOutput))
#29 H:\\xamp\\htdocs\\Entrain\\vendor\\symfony\\console\\Application.php(171): Symfony\\Component\\Console\\Application->doRun(Object(Symfony\\Component\\Console\\Input\\ArgvInput), Object(Symfony\\Component\\Console\\Output\\ConsoleOutput))
#30 H:\\xamp\\htdocs\\Entrain\\vendor\\laravel\\framework\\src\\Illuminate\\Console\\Application.php(102): Symfony\\Component\\Console\\Application->run(Object(Symfony\\Component\\Console\\Input\\ArgvInput), Object(Symfony\\Component\\Console\\Output\\ConsoleOutput))
#31 H:\\xamp\\htdocs\\Entrain\\vendor\\laravel\\framework\\src\\Illuminate\\Foundation\\Console\\Kernel.php(151): Illuminate\\Console\\Application->run(Object(Symfony\\Component\\Console\\Input\\ArgvInput), Object(Symfony\\Component\\Console\\Output\\ConsoleOutput))
#32 H:\\xamp\\htdocs\\Entrain\\artisan(37): Illuminate\\Foundation\\Console\\Kernel->handle(Object(Symfony\\Component\\Console\\Input\\ArgvInput), Object(Symfony\\Component\\Console\\Output\\ConsoleOutput))
#33 {main}

[previous exception] [object] (PDOException(code: 42S01): SQLSTATE[42S01]: Base table or view already exists: 1050 Table 'users' already exists at H:\\xamp\\htdocs\\Entrain\\vendor\\laravel\\framework\\src\\Illuminate\\Database\\Connection.php:544)
[stacktrace]
#0 H:\\xamp\\htdocs\\Entrain\\vendor\\laravel\\framework\\src\\Illuminate\\Database\\Connection.php(544): PDOStatement->execute()
#1 H:\\xamp\\htdocs\\Entrain\\vendor\\laravel\\framework\\src\\Illuminate\\Database\\Connection.php(752): Illuminate\\Database\\Connection->Illuminate\\Database\\{closure}('create table `u...', Array)
#2 H:\\xamp\\htdocs\\Entrain\\vendor\\laravel\\framework\\src\\Illuminate\\Database\\Connection.php(719): Illuminate\\Database\\Connection->runQueryCallback('create table `u...', Array, Object(Closure))
#3 H:\\xamp\\htdocs\\Entrain\\vendor\\laravel\\framework\\src\\Illuminate\\Database\\Connection.php(545): Illuminate\\Database\\Connection->run('create table `u...', Array, Object(Closure))
#4 H:\\xamp\\htdocs\\Entrain\\vendor\\laravel\\framework\\src\\Illuminate\\Database\\Schema\\Blueprint.php(109): Illuminate\\Database\\Connection->statement('create table `u...')
#5 H:\\xamp\\htdocs\\Entrain\\vendor\\laravel\\framework\\src\\Illuminate\\Database\\Schema\\Builder.php(394): Illuminate\\Database\\Schema\\Blueprint->build(Object(Illuminate\\Database\\MySqlConnection), Object(Illuminate\\Database\\Schema\\Grammars\\MySqlGrammar))
#6 H:\\xamp\\htdocs\\Entrain\\vendor\\laravel\\framework\\src\\Illuminate\\Database\\Schema\\Builder.php(257): Illuminate\\Database\\Schema\\Builder->build(Object(Illuminate\\Database\\Schema\\Blueprint))
#7 H:\\xamp\\htdocs\\Entrain\\vendor\\laravel\\framework\\src\\Illuminate\\Support\\Facades\\Facade.php(338): Illuminate\\Database\\Schema\\Builder->create('users', Object(Closure))
#8 H:\\xamp\\htdocs\\Entrain\\database\\migrations\\2014_10_12_000000_create_users_table.php(24): Illuminate\\Support\\Facades\\Facade::__callStatic('create', Array)
#9 H:\\xamp\\htdocs\\Entrain\\vendor\\laravel\\framework\\src\\Illuminate\\Database\\Migrations\\Migrator.php(482): Illuminate\\Database\\Migrations\\Migration@anonymous->up()
#10 H:\\xamp\\htdocs\\Entrain\\vendor\\laravel\\framework\\src\\Illuminate\\Database\\Migrations\\Migrator.php(400): Illuminate\\Database\\Migrations\\Migrator->runMethod(Object(Illuminate\\Database\\MySqlConnection), Object(Illuminate\\Database\\Migrations\\Migration@anonymous), 'up')
#11 H:\\xamp\\htdocs\\Entrain\\vendor\\laravel\\framework\\src\\Illuminate\\Database\\Migrations\\Migrator.php(409): Illuminate\\Database\\Migrations\\Migrator->Illuminate\\Database\\Migrations\\{closure}()
#12 H:\\xamp\\htdocs\\Entrain\\vendor\\laravel\\framework\\src\\Illuminate\\Database\\Migrations\\Migrator.php(210): Illuminate\\Database\\Migrations\\Migrator->runMigration(Object(Illuminate\\Database\\Migrations\\Migration@anonymous), 'up')
#13 H:\\xamp\\htdocs\\Entrain\\vendor\\laravel\\framework\\src\\Illuminate\\Console\\View\\Components\\Task.php(36): Illuminate\\Database\\Migrations\\Migrator->Illuminate\\Database\\Migrations\\{closure}()
#14 H:\\xamp\\htdocs\\Entrain\\vendor\\laravel\\framework\\src\\Illuminate\\Database\\Migrations\\Migrator.php(740): Illuminate\\Console\\View\\Components\\Task->render('2014_10_12_0000...', Object(Closure))
#15 H:\\xamp\\htdocs\\Entrain\\vendor\\laravel\\framework\\src\\Illuminate\\Database\\Migrations\\Migrator.php(210): Illuminate\\Database\\Migrations\\Migrator->write('Illuminate\\\\Cons...', '2014_10_12_0000...', Object(Closure))
#16 H:\\xamp\\htdocs\\Entrain\\vendor\\laravel\\framework\\src\\Illuminate\\Database\\Migrations\\Migrator.php(175): Illuminate\\Database\\Migrations\\Migrator->runUp('H:\\\\xamp\\\\htdocs\\\\...', 1, false)
#17 H:\\xamp\\htdocs\\Entrain\\vendor\\laravel\\framework\\src\\Illuminate\\Database\\Migrations\\Migrator.php(118): Illuminate\\Database\\Migrations\\Migrator->runPending(Array, Array)
#18 H:\\xamp\\htdocs\\Entrain\\vendor\\laravel\\framework\\src\\Illuminate\\Database\\Console\\Migrations\\MigrateCommand.php(90): Illuminate\\Database\\Migrations\\Migrator->run(Array, Array)
#19 H:\\xamp\\htdocs\\Entrain\\vendor\\laravel\\framework\\src\\Illuminate\\Database\\Migrations\\Migrator.php(616): Illuminate\\Database\\Console\\Migrations\\MigrateCommand->Illuminate\\Database\\Console\\Migrations\\{closure}()
#20 H:\\xamp\\htdocs\\Entrain\\vendor\\laravel\\framework\\src\\Illuminate\\Database\\Console\\Migrations\\MigrateCommand.php(102): Illuminate\\Database\\Migrations\\Migrator->usingConnection(NULL, Object(Closure))
#21 H:\\xamp\\htdocs\\Entrain\\vendor\\laravel\\framework\\src\\Illuminate\\Container\\BoundMethod.php(36): Illuminate\\Database\\Console\\Migrations\\MigrateCommand->handle()
#22 H:\\xamp\\htdocs\\Entrain\\vendor\\laravel\\framework\\src\\Illuminate\\Container\\Util.php(41): Illuminate\\Container\\BoundMethod::Illuminate\\Container\\{closure}()
#23 H:\\xamp\\htdocs\\Entrain\\vendor\\laravel\\framework\\src\\Illuminate\\Container\\BoundMethod.php(93): Illuminate\\Container\\Util::unwrapIfClosure(Object(Closure))
#24 H:\\xamp\\htdocs\\Entrain\\vendor\\laravel\\framework\\src\\Illuminate\\Container\\BoundMethod.php(37): Illuminate\\Container\\BoundMethod::callBoundMethod(Object(Illuminate\\Foundation\\Application), Array, Object(Closure))
#25 H:\\xamp\\htdocs\\Entrain\\vendor\\laravel\\framework\\src\\Illuminate\\Container\\Container.php(651): Illuminate\\Container\\BoundMethod::call(Object(Illuminate\\Foundation\\Application), Array, Array, NULL)
#26 H:\\xamp\\htdocs\\Entrain\\vendor\\laravel\\framework\\src\\Illuminate\\Console\\Command.php(144): Illuminate\\Container\\Container->call(Array)
#27 H:\\xamp\\htdocs\\Entrain\\vendor\\symfony\\console\\Command\\Command.php(308): Illuminate\\Console\\Command->execute(Object(Symfony\\Component\\Console\\Input\\ArgvInput), Object(Illuminate\\Console\\OutputStyle))
#28 H:\\xamp\\htdocs\\Entrain\\vendor\\laravel\\framework\\src\\Illuminate\\Console\\Command.php(126): Symfony\\Component\\Console\\Command\\Command->run(Object(Symfony\\Component\\Console\\Input\\ArgvInput), Object(Illuminate\\Console\\OutputStyle))
#29 H:\\xamp\\htdocs\\Entrain\\vendor\\symfony\\console\\Application.php(1002): Illuminate\\Console\\Command->run(Object(Symfony\\Component\\Console\\Input\\ArgvInput), Object(Symfony\\Component\\Console\\Output\\ConsoleOutput))
#30 H:\\xamp\\htdocs\\Entrain\\vendor\\symfony\\console\\Application.php(299): Symfony\\Component\\Console\\Application->doRunCommand(Object(Illuminate\\Database\\Console\\Migrations\\MigrateCommand), Object(Symfony\\Component\\Console\\Input\\ArgvInput), Object(Symfony\\Component\\Console\\Output\\ConsoleOutput))
#31 H:\\xamp\\htdocs\\Entrain\\vendor\\symfony\\console\\Application.php(171): Symfony\\Component\\Console\\Application->doRun(Object(Symfony\\Component\\Console\\Input\\ArgvInput), Object(Symfony\\Component\\Console\\Output\\ConsoleOutput))
#32 H:\\xamp\\htdocs\\Entrain\\vendor\\laravel\\framework\\src\\Illuminate\\Console\\Application.php(102): Symfony\\Component\\Console\\Application->run(Object(Symfony\\Component\\Console\\Input\\ArgvInput), Object(Symfony\\Component\\Console\\Output\\ConsoleOutput))
#33 H:\\xamp\\htdocs\\Entrain\\vendor\\laravel\\framework\\src\\Illuminate\\Foundation\\Console\\Kernel.php(151): Illuminate\\Console\\Application->run(Object(Symfony\\Component\\Console\\Input\\ArgvInput), Object(Symfony\\Component\\Console\\Output\\ConsoleOutput))
#34 H:\\xamp\\htdocs\\Entrain\\artisan(37): Illuminate\\Foundation\\Console\\Kernel->handle(Object(Symfony\\Component\\Console\\Input\\ArgvInput), Object(Symfony\\Component\\Console\\Output\\ConsoleOutput))
#35 {main}
"} 
